{
  "stats": {
    "suites": 1,
    "tests": 1,
    "passes": 1,
    "pending": 0,
    "failures": 0,
    "start": "2021-01-27T00:45:34.333Z",
    "end": "2021-01-27T00:45:54.405Z",
    "duration": 20072,
    "testsRegistered": 1,
    "passPercent": 100,
    "pendingPercent": 0,
    "other": 0,
    "hasOther": false,
    "skipped": 0,
    "hasSkipped": false
  },
  "results": [
    {
      "uuid": "2aff1d25-f121-4568-a8f9-9cc41fd2cd87",
      "title": "",
      "fullFile": "cypress\\integration\\03-adicionar_nova_questao.feature",
      "file": "cypress\\integration\\03-adicionar_nova_questao.feature",
      "beforeHooks": [],
      "afterHooks": [],
      "tests": [],
      "suites": [
        {
          "uuid": "7490f0fa-c799-427e-ab9e-77319a766dc9",
          "title": "Adicionar uma nova questão no banco de questões",
          "fullFile": "",
          "file": "",
          "beforeHooks": [],
          "afterHooks": [],
          "tests": [
            {
              "title": "Adicionar uma nova questao",
              "fullTitle": "Adicionar uma nova questão no banco de questões Adicionar uma nova questao",
              "timedOut": null,
              "duration": 19673,
              "state": "passed",
              "speed": "slow",
              "pass": true,
              "fail": false,
              "pending": false,
              "context": null,
              "code": "const state = window.testState;\nreturn cy\n  .then(() => state.onStartScenario(scenario, indexedSteps))\n  .then(() =>\n    resolveAndRunBeforeHooks.call(this, scenario.tags, state.feature.name)\n  )\n  .then(() =>\n    indexedSteps.forEach((step) =>\n      stepTest.call(this, state, step, rowData)\n    )\n  )\n  .then(() =>\n    resolveAndRunAfterHooks.call(this, scenario.tags, state.feature.name)\n  )\n  .then(() => state.onFinishScenario(scenario));",
              "err": {},
              "uuid": "d885ce09-af28-4268-a89c-62b50c7b706f",
              "parentUUID": "7490f0fa-c799-427e-ab9e-77319a766dc9",
              "isHook": false,
              "skipped": false
            }
          ],
          "suites": [],
          "passes": [
            "d885ce09-af28-4268-a89c-62b50c7b706f"
          ],
          "failures": [],
          "pending": [],
          "skipped": [],
          "duration": 19673,
          "root": false,
          "rootEmpty": false,
          "_timeout": 2000
        }
      ],
      "passes": [],
      "failures": [],
      "pending": [],
      "skipped": [],
      "duration": 0,
      "root": true,
      "rootEmpty": true,
      "_timeout": 2000
    }
  ],
  "meta": {
    "mocha": {
      "version": "7.0.1"
    },
    "mochawesome": {
      "options": {
        "quiet": true,
        "reportFilename": "mochawesome",
        "saveHtml": false,
        "saveJson": true,
        "consoleReporter": "spec",
        "useInlineDiffs": false,
        "code": true
      },
      "version": "6.2.1"
    },
    "marge": {
      "options": {
        "id": "default",
        "reportDir": "mochawesome-report",
        "quiet": true,
        "overwrite": false,
        "html": false,
        "json": true
      },
      "version": "5.1.0"
    }
  }
}