{
  "stats": {
    "suites": 1,
    "tests": 1,
    "passes": 1,
    "pending": 0,
    "failures": 0,
    "start": "2021-01-27T00:44:38.569Z",
    "end": "2021-01-27T00:44:48.073Z",
    "duration": 9504,
    "testsRegistered": 1,
    "passPercent": 100,
    "pendingPercent": 0,
    "other": 0,
    "hasOther": false,
    "skipped": 0,
    "hasSkipped": false
  },
  "results": [
    {
      "uuid": "1f26a8eb-597b-4198-852a-653bd8643ab3",
      "title": "",
      "fullFile": "cypress\\integration\\01-busca_questao_inexistente.feature",
      "file": "cypress\\integration\\01-busca_questao_inexistente.feature",
      "beforeHooks": [],
      "afterHooks": [],
      "tests": [],
      "suites": [
        {
          "uuid": "7618d1d5-754c-4507-8c9a-bde565003b36",
          "title": "Busca no Banco de Questões",
          "fullFile": "",
          "file": "",
          "beforeHooks": [],
          "afterHooks": [],
          "tests": [
            {
              "title": "Busca por questão inexistente",
              "fullTitle": "Busca no Banco de Questões Busca por questão inexistente",
              "timedOut": null,
              "duration": 9092,
              "state": "passed",
              "speed": "slow",
              "pass": true,
              "fail": false,
              "pending": false,
              "context": null,
              "code": "const state = window.testState;\nreturn cy\n  .then(() => state.onStartScenario(scenario, indexedSteps))\n  .then(() =>\n    resolveAndRunBeforeHooks.call(this, scenario.tags, state.feature.name)\n  )\n  .then(() =>\n    indexedSteps.forEach((step) =>\n      stepTest.call(this, state, step, rowData)\n    )\n  )\n  .then(() =>\n    resolveAndRunAfterHooks.call(this, scenario.tags, state.feature.name)\n  )\n  .then(() => state.onFinishScenario(scenario));",
              "err": {},
              "uuid": "f268ddbf-e95d-4fe9-8a71-21de3429db6f",
              "parentUUID": "7618d1d5-754c-4507-8c9a-bde565003b36",
              "isHook": false,
              "skipped": false
            }
          ],
          "suites": [],
          "passes": [
            "f268ddbf-e95d-4fe9-8a71-21de3429db6f"
          ],
          "failures": [],
          "pending": [],
          "skipped": [],
          "duration": 9092,
          "root": false,
          "rootEmpty": false,
          "_timeout": 2000
        }
      ],
      "passes": [],
      "failures": [],
      "pending": [],
      "skipped": [],
      "duration": 0,
      "root": true,
      "rootEmpty": true,
      "_timeout": 2000
    }
  ],
  "meta": {
    "mocha": {
      "version": "7.0.1"
    },
    "mochawesome": {
      "options": {
        "quiet": true,
        "reportFilename": "mochawesome",
        "saveHtml": false,
        "saveJson": true,
        "consoleReporter": "spec",
        "useInlineDiffs": false,
        "code": true
      },
      "version": "6.2.1"
    },
    "marge": {
      "options": {
        "id": "default",
        "reportDir": "mochawesome-report",
        "quiet": true,
        "overwrite": false,
        "html": false,
        "json": true
      },
      "version": "5.1.0"
    }
  }
}